[debug] [2023-04-06T17:04:18.640Z] ----------------------------------------------------------------------
[debug] [2023-04-06T17:04:18.641Z] Command:       /usr/local/bin/node /usr/local/bin/firebase init --debug
[debug] [2023-04-06T17:04:18.641Z] CLI Version:   11.25.3
[debug] [2023-04-06T17:04:18.642Z] Platform:      darwin
[debug] [2023-04-06T17:04:18.642Z] Node Version:  v18.13.0
[debug] [2023-04-06T17:04:18.643Z] Time:          Thu Apr 06 2023 13:04:18 GMT-0400 (Eastern Daylight Time)
[debug] [2023-04-06T17:04:18.643Z] ----------------------------------------------------------------------
[debug] 
[debug] [2023-04-06T17:04:18.659Z] > command requires scopes: ["email","openid","https://www.googleapis.com/auth/cloudplatformprojects.readonly","https://www.googleapis.com/auth/firebase","https://www.googleapis.com/auth/cloud-platform"]
[debug] [2023-04-06T17:04:18.660Z] > authorizing via signed-in user (matthbish@gmail.com)
[info] 
     ######## #### ########  ######## ########     ###     ######  ########
     ##        ##  ##     ## ##       ##     ##  ##   ##  ##       ##
     ######    ##  ########  ######   ########  #########  ######  ######
     ##        ##  ##    ##  ##       ##     ## ##     ##       ## ##
     ##       #### ##     ## ######## ########  ##     ##  ######  ########

You're about to initialize a Firebase project in this directory:

  /Users/matthew.bishop/devGoal/convert-2-grams

[info] 
=== Project Setup
[info] 
[info] First, let's associate this project directory with a Firebase project.
[info] You can create multiple project aliases by running firebase use --add, 
[info] but for now we'll just set up a default project.
[info] 
[debug] [2023-04-06T17:04:24.008Z] >>> [apiv2][query] GET https://firebase.googleapis.com/v1beta1/projects pageSize=100
[debug] [2023-04-06T17:04:24.339Z] <<< [apiv2][status] GET https://firebase.googleapis.com/v1beta1/projects 200
[debug] [2023-04-06T17:04:24.340Z] <<< [apiv2][body] GET https://firebase.googleapis.com/v1beta1/projects [omitted]
[info] i  Using project convert2grams (Convert2Grams) 
[info] 
=== Hosting Setup
[info] 
[info] Your public directory is the folder (relative to your project directory) that
[info] will contain Hosting assets to be uploaded with firebase deploy. If you
[info] have a build process for your assets, use your build's output directory.
[info] 
[debug] [2023-04-06T17:04:30.159Z] >>> [apiv2][query] GET https://www.gstatic.com/firebasejs/releases.json [none]
[debug] [2023-04-06T17:04:30.183Z] FetchError: request to https://www.gstatic.com/firebasejs/releases.json failed, reason: self-signed certificate in certificate chain
    at ClientRequest.<anonymous> (/usr/local/lib/node_modules/firebase-tools/node_modules/node-fetch/lib/index.js:1491:11)
    at ClientRequest.emit (node:events:513:28)
    at ClientRequest.emit (node:domain:489:12)
    at TLSSocket.socketErrorListener (node:_http_client:496:9)
    at TLSSocket.emit (node:events:513:28)
    at TLSSocket.emit (node:domain:489:12)
    at emitErrorNT (node:internal/streams/destroy:151:8)
    at emitErrorCloseNT (node:internal/streams/destroy:116:3)
    at process.processTicksAndRejections (node:internal/process/task_queues:82:21)
[error] 
[error] Error: Failed to make request to https://www.gstatic.com/firebasejs/releases.json
[debug] [2023-04-06T17:05:35.482Z] ----------------------------------------------------------------------
[debug] [2023-04-06T17:05:35.483Z] Command:       /usr/local/bin/node /usr/local/bin/firebase init --debug
[debug] [2023-04-06T17:05:35.484Z] CLI Version:   11.25.3
[debug] [2023-04-06T17:05:35.484Z] Platform:      darwin
[debug] [2023-04-06T17:05:35.485Z] Node Version:  v18.13.0
[debug] [2023-04-06T17:05:35.485Z] Time:          Thu Apr 06 2023 13:05:35 GMT-0400 (Eastern Daylight Time)
[debug] [2023-04-06T17:05:35.486Z] ----------------------------------------------------------------------
[debug] 
[debug] [2023-04-06T17:05:35.491Z] > command requires scopes: ["email","openid","https://www.googleapis.com/auth/cloudplatformprojects.readonly","https://www.googleapis.com/auth/firebase","https://www.googleapis.com/auth/cloud-platform"]
[debug] [2023-04-06T17:05:35.492Z] > authorizing via signed-in user (matthbish@gmail.com)
[info] 
     ######## #### ########  ######## ########     ###     ######  ########
     ##        ##  ##     ## ##       ##     ##  ##   ##  ##       ##
     ######    ##  ########  ######   ########  #########  ######  ######
     ##        ##  ##    ##  ##       ##     ## ##     ##       ## ##
     ##       #### ##     ## ######## ########  ##     ##  ######  ########

You're about to initialize a Firebase project in this directory:

  /Users/matthew.bishop/devGoal/convert-2-grams

[error] 
[error] Error: Must select at least one feature. Use SPACEBAR to select features, or specify a feature by running firebase init [feature_name]
[debug] [2023-04-06T17:05:44.216Z] ----------------------------------------------------------------------
[debug] [2023-04-06T17:05:44.217Z] Command:       /usr/local/bin/node /usr/local/bin/firebase init --debug
[debug] [2023-04-06T17:05:44.233Z] CLI Version:   11.25.3
[debug] [2023-04-06T17:05:44.233Z] Platform:      darwin
[debug] [2023-04-06T17:05:44.234Z] Node Version:  v18.13.0
[debug] [2023-04-06T17:05:44.234Z] Time:          Thu Apr 06 2023 13:05:44 GMT-0400 (Eastern Daylight Time)
[debug] [2023-04-06T17:05:44.235Z] ----------------------------------------------------------------------
[debug] 
[debug] [2023-04-06T17:05:44.240Z] > command requires scopes: ["email","openid","https://www.googleapis.com/auth/cloudplatformprojects.readonly","https://www.googleapis.com/auth/firebase","https://www.googleapis.com/auth/cloud-platform"]
[debug] [2023-04-06T17:05:44.241Z] > authorizing via signed-in user (matthbish@gmail.com)
[info] 
     ######## #### ########  ######## ########     ###     ######  ########
     ##        ##  ##     ## ##       ##     ##  ##   ##  ##       ##
     ######    ##  ########  ######   ########  #########  ######  ######
     ##        ##  ##    ##  ##       ##     ## ##     ##       ## ##
     ##       #### ##     ## ######## ########  ##     ##  ######  ########

You're about to initialize a Firebase project in this directory:

  /Users/matthew.bishop/devGoal/convert-2-grams

[info] 
=== Project Setup
[info] 
[info] First, let's associate this project directory with a Firebase project.
[info] You can create multiple project aliases by running firebase use --add, 
[info] but for now we'll just set up a default project.
[info] 
[debug] [2023-04-06T17:05:47.663Z] >>> [apiv2][query] GET https://firebase.googleapis.com/v1beta1/projects pageSize=100
[debug] [2023-04-06T17:05:48.057Z] <<< [apiv2][status] GET https://firebase.googleapis.com/v1beta1/projects 200
[debug] [2023-04-06T17:05:48.057Z] <<< [apiv2][body] GET https://firebase.googleapis.com/v1beta1/projects [omitted]
[info] i  Using project convert2grams (Convert2Grams) 
[info] 
=== Hosting Setup
[info] 
[info] Your public directory is the folder (relative to your project directory) that
[info] will contain Hosting assets to be uploaded with firebase deploy. If you
[info] have a build process for your assets, use your build's output directory.
[info] 
[debug] [2023-04-06T17:05:52.950Z] >>> [apiv2][query] GET https://www.gstatic.com/firebasejs/releases.json [none]
[debug] [2023-04-06T17:05:52.979Z] FetchError: request to https://www.gstatic.com/firebasejs/releases.json failed, reason: self-signed certificate in certificate chain
    at ClientRequest.<anonymous> (/usr/local/lib/node_modules/firebase-tools/node_modules/node-fetch/lib/index.js:1491:11)
    at ClientRequest.emit (node:events:513:28)
    at ClientRequest.emit (node:domain:489:12)
    at TLSSocket.socketErrorListener (node:_http_client:496:9)
    at TLSSocket.emit (node:events:513:28)
    at TLSSocket.emit (node:domain:489:12)
    at emitErrorNT (node:internal/streams/destroy:151:8)
    at emitErrorCloseNT (node:internal/streams/destroy:116:3)
    at process.processTicksAndRejections (node:internal/process/task_queues:82:21)
[error] 
[error] Error: Failed to make request to https://www.gstatic.com/firebasejs/releases.json
